[Sat, 20 Apr 19 06:47:40 +0000][ERROR] Phalcon\Mvc\View\Engine\Volt\Compiler::compileFile(H:\newproject\ctimg/var//data/volt/h__newproject_ctimg_xin_app_admin_view_index.html_e_.php): failed to open stream: No such file or directory H:\newproject\ctimg\public\index.php:166
[Sat, 20 Apr 19 06:47:40 +0000][CRITICAL] Volt directory can't be written:#0 [internal function]: Phalcon\Mvc\View\Engine\Volt\Compiler->compileFile('H:\\newproject\\c...', 'H:\\newproject\\c...', true)
#1 [internal function]: Phalcon\Mvc\View\Engine\Volt\Compiler->compile('H:\\newproject\\c...', true)
#2 [internal function]: Phalcon\Mvc\View\Engine\Volt\Compiler->_statementList(Array, false)
#3 [internal function]: Phalcon\Mvc\View\Engine\Volt\Compiler->_compileSource('{% extends "ind...', false)
#4 [internal function]: Phalcon\Mvc\View\Engine\Volt\Compiler->compileFile('H:\\newproject\\c...', 'H:\\newproject\\c...', false)
#5 [internal function]: Phalcon\Mvc\View\Engine\Volt\Compiler->compile('H:\\newproject\\c...')
#6 [internal function]: Phalcon\Mvc\View\Engine\Volt->render('H:\\newproject\\c...', Array, true)
#7 [internal function]: Phalcon\Mvc\View->_engineRender(Array, 'outstock/byorde...', true, true, NULL)
#8 [internal function]: Phalcon\Mvc\View->render('outstock', 'byorderitem')
#9 H:\newproject\ctimg\public\index.php(166): Phalcon\Mvc\Application->handle()
#10 {main}
[Sat, 20 Apr 19 06:47:40 +0000][ERROR] Phalcon\Mvc\View\Engine\Volt\Compiler::compileFile(H:\newproject\ctimg/var//data/volt/h__newproject_ctimg_xin_app_admin_view_index.html_e_.php): failed to open stream: No such file or directory H:\newproject\ctimg\public\index.php:166
[Sat, 20 Apr 19 06:47:40 +0000][CRITICAL] Volt directory can't be written:#0 [internal function]: Phalcon\Mvc\View\Engine\Volt\Compiler->compileFile('H:\\newproject\\c...', 'H:\\newproject\\c...', true)
#1 [internal function]: Phalcon\Mvc\View\Engine\Volt\Compiler->compile('H:\\newproject\\c...', true)
#2 [internal function]: Phalcon\Mvc\View\Engine\Volt\Compiler->_statementList(Array, false)
#3 [internal function]: Phalcon\Mvc\View\Engine\Volt\Compiler->_compileSource('{% extends "ind...', false)
#4 [internal function]: Phalcon\Mvc\View\Engine\Volt\Compiler->compileFile('H:\\newproject\\c...', 'H:\\newproject\\c...', false)
#5 [internal function]: Phalcon\Mvc\View\Engine\Volt\Compiler->compile('H:\\newproject\\c...')
#6 [internal function]: Phalcon\Mvc\View\Engine\Volt->render('H:\\newproject\\c...', Array, true)
#7 [internal function]: Phalcon\Mvc\View->_engineRender(Array, 'index/index', true, true, NULL)
#8 [internal function]: Phalcon\Mvc\View->render('index', 'index')
#9 H:\newproject\ctimg\public\index.php(166): Phalcon\Mvc\Application->handle()
#10 {main}
[Sat, 20 Apr 19 06:47:44 +0000][ERROR] Phalcon\Mvc\View\Engine\Volt\Compiler::compileFile(H:\newproject\ctimg/var//data/volt/h__newproject_ctimg_xin_app_admin_view_index.html_e_.php): failed to open stream: No such file or directory H:\newproject\ctimg\public\index.php:166
[Sat, 20 Apr 19 06:47:44 +0000][CRITICAL] Volt directory can't be written:#0 [internal function]: Phalcon\Mvc\View\Engine\Volt\Compiler->compileFile('H:\\newproject\\c...', 'H:\\newproject\\c...', true)
#1 [internal function]: Phalcon\Mvc\View\Engine\Volt\Compiler->compile('H:\\newproject\\c...', true)
#2 [internal function]: Phalcon\Mvc\View\Engine\Volt\Compiler->_statementList(Array, false)
#3 [internal function]: Phalcon\Mvc\View\Engine\Volt\Compiler->_compileSource('{% extends "ind...', false)
#4 [internal function]: Phalcon\Mvc\View\Engine\Volt\Compiler->compileFile('H:\\newproject\\c...', 'H:\\newproject\\c...', false)
#5 [internal function]: Phalcon\Mvc\View\Engine\Volt\Compiler->compile('H:\\newproject\\c...')
#6 [internal function]: Phalcon\Mvc\View\Engine\Volt->render('H:\\newproject\\c...', Array, true)
#7 [internal function]: Phalcon\Mvc\View->_engineRender(Array, 'outstock/byorde...', true, true, NULL)
#8 [internal function]: Phalcon\Mvc\View->render('outstock', 'byorderitem')
#9 H:\newproject\ctimg\public\index.php(166): Phalcon\Mvc\Application->handle()
#10 {main}
[Sat, 20 Apr 19 06:47:44 +0000][ERROR] Phalcon\Mvc\View\Engine\Volt\Compiler::compileFile(H:\newproject\ctimg/var//data/volt/h__newproject_ctimg_xin_app_admin_view_index.html_e_.php): failed to open stream: No such file or directory H:\newproject\ctimg\public\index.php:166
[Sat, 20 Apr 19 06:47:44 +0000][CRITICAL] Volt directory can't be written:#0 [internal function]: Phalcon\Mvc\View\Engine\Volt\Compiler->compileFile('H:\\newproject\\c...', 'H:\\newproject\\c...', true)
#1 [internal function]: Phalcon\Mvc\View\Engine\Volt\Compiler->compile('H:\\newproject\\c...', true)
#2 [internal function]: Phalcon\Mvc\View\Engine\Volt\Compiler->_statementList(Array, false)
#3 [internal function]: Phalcon\Mvc\View\Engine\Volt\Compiler->_compileSource('{% extends "ind...', false)
#4 [internal function]: Phalcon\Mvc\View\Engine\Volt\Compiler->compileFile('H:\\newproject\\c...', 'H:\\newproject\\c...', false)
#5 [internal function]: Phalcon\Mvc\View\Engine\Volt\Compiler->compile('H:\\newproject\\c...')
#6 [internal function]: Phalcon\Mvc\View\Engine\Volt->render('H:\\newproject\\c...', Array, true)
#7 [internal function]: Phalcon\Mvc\View->_engineRender(Array, 'index/index', true, true, NULL)
#8 [internal function]: Phalcon\Mvc\View->render('index', 'index')
#9 H:\newproject\ctimg\public\index.php(166): Phalcon\Mvc\Application->handle()
#10 {main}
[Sat, 20 Apr 19 06:47:45 +0000][ERROR] Phalcon\Mvc\View\Engine\Volt\Compiler::compileFile(H:\newproject\ctimg/var//data/volt/h__newproject_ctimg_xin_app_admin_view_index.html_e_.php): failed to open stream: No such file or directory H:\newproject\ctimg\public\index.php:166
[Sat, 20 Apr 19 06:47:45 +0000][CRITICAL] Volt directory can't be written:#0 [internal function]: Phalcon\Mvc\View\Engine\Volt\Compiler->compileFile('H:\\newproject\\c...', 'H:\\newproject\\c...', true)
#1 [internal function]: Phalcon\Mvc\View\Engine\Volt\Compiler->compile('H:\\newproject\\c...', true)
#2 [internal function]: Phalcon\Mvc\View\Engine\Volt\Compiler->_statementList(Array, false)
#3 [internal function]: Phalcon\Mvc\View\Engine\Volt\Compiler->_compileSource('{% extends "ind...', false)
#4 [internal function]: Phalcon\Mvc\View\Engine\Volt\Compiler->compileFile('H:\\newproject\\c...', 'H:\\newproject\\c...', false)
#5 [internal function]: Phalcon\Mvc\View\Engine\Volt\Compiler->compile('H:\\newproject\\c...')
#6 [internal function]: Phalcon\Mvc\View\Engine\Volt->render('H:\\newproject\\c...', Array, true)
#7 [internal function]: Phalcon\Mvc\View->_engineRender(Array, 'index/index', true, true, NULL)
#8 [internal function]: Phalcon\Mvc\View->render('index', 'index')
#9 H:\newproject\ctimg\public\index.php(166): Phalcon\Mvc\Application->handle()
#10 {main}
[Sat, 20 Apr 19 06:47:46 +0000][ERROR] Phalcon\Mvc\View\Engine\Volt\Compiler::compileFile(H:\newproject\ctimg/var//data/volt/h__newproject_ctimg_xin_app_admin_view_account_login.html.php): failed to open stream: No such file or directory H:\newproject\ctimg\public\index.php:166
[Sat, 20 Apr 19 06:47:46 +0000][CRITICAL] Volt directory can't be written:#0 [internal function]: Phalcon\Mvc\View\Engine\Volt\Compiler->compileFile('H:\\newproject\\c...', 'H:\\newproject\\c...', false)
#1 [internal function]: Phalcon\Mvc\View\Engine\Volt\Compiler->compile('H:\\newproject\\c...')
#2 [internal function]: Phalcon\Mvc\View\Engine\Volt->render('H:\\newproject\\c...', Array, true)
#3 [internal function]: Phalcon\Mvc\View->_engineRender(Array, 'account/login', true, true, NULL)
#4 [internal function]: Phalcon\Mvc\View->render('account', 'login')
#5 H:\newproject\ctimg\public\index.php(166): Phalcon\Mvc\Application->handle()
#6 {main}
[Sat, 20 Apr 19 06:47:46 +0000][ERROR] Phalcon\Mvc\View\Engine\Volt\Compiler::compileFile(H:\newproject\ctimg/var//data/volt/h__newproject_ctimg_xin_app_admin_view_index.html_e_.php): failed to open stream: No such file or directory H:\newproject\ctimg\public\index.php:166
[Sat, 20 Apr 19 06:47:46 +0000][CRITICAL] Volt directory can't be written:#0 [internal function]: Phalcon\Mvc\View\Engine\Volt\Compiler->compileFile('H:\\newproject\\c...', 'H:\\newproject\\c...', true)
#1 [internal function]: Phalcon\Mvc\View\Engine\Volt\Compiler->compile('H:\\newproject\\c...', true)
#2 [internal function]: Phalcon\Mvc\View\Engine\Volt\Compiler->_statementList(Array, false)
#3 [internal function]: Phalcon\Mvc\View\Engine\Volt\Compiler->_compileSource('{% extends "ind...', false)
#4 [internal function]: Phalcon\Mvc\View\Engine\Volt\Compiler->compileFile('H:\\newproject\\c...', 'H:\\newproject\\c...', false)
#5 [internal function]: Phalcon\Mvc\View\Engine\Volt\Compiler->compile('H:\\newproject\\c...')
#6 [internal function]: Phalcon\Mvc\View\Engine\Volt->render('H:\\newproject\\c...', Array, true)
#7 [internal function]: Phalcon\Mvc\View->_engineRender(Array, 'index/index', true, true, NULL)
#8 [internal function]: Phalcon\Mvc\View->render('index', 'index')
#9 H:\newproject\ctimg\public\index.php(166): Phalcon\Mvc\Application->handle()
#10 {main}
[Sat, 20 Apr 19 06:47:47 +0000][ERROR] Phalcon\Mvc\View\Engine\Volt\Compiler::compileFile(H:\newproject\ctimg/var//data/volt/h__newproject_ctimg_xin_app_admin_view_index.html_e_.php): failed to open stream: No such file or directory H:\newproject\ctimg\public\index.php:166
[Sat, 20 Apr 19 06:47:47 +0000][CRITICAL] Volt directory can't be written:#0 [internal function]: Phalcon\Mvc\View\Engine\Volt\Compiler->compileFile('H:\\newproject\\c...', 'H:\\newproject\\c...', true)
#1 [internal function]: Phalcon\Mvc\View\Engine\Volt\Compiler->compile('H:\\newproject\\c...', true)
#2 [internal function]: Phalcon\Mvc\View\Engine\Volt\Compiler->_statementList(Array, false)
#3 [internal function]: Phalcon\Mvc\View\Engine\Volt\Compiler->_compileSource('{% extends "ind...', false)
#4 [internal function]: Phalcon\Mvc\View\Engine\Volt\Compiler->compileFile('H:\\newproject\\c...', 'H:\\newproject\\c...', false)
#5 [internal function]: Phalcon\Mvc\View\Engine\Volt\Compiler->compile('H:\\newproject\\c...')
#6 [internal function]: Phalcon\Mvc\View\Engine\Volt->render('H:\\newproject\\c...', Array, true)
#7 [internal function]: Phalcon\Mvc\View->_engineRender(Array, 'index/index', true, true, NULL)
#8 [internal function]: Phalcon\Mvc\View->render('index', 'index')
#9 H:\newproject\ctimg\public\index.php(166): Phalcon\Mvc\Application->handle()
#10 {main}
[Sat, 20 Apr 19 06:47:47 +0000][ERROR] Phalcon\Mvc\View\Engine\Volt\Compiler::compileFile(H:\newproject\ctimg/var//data/volt/h__newproject_ctimg_xin_app_admin_view_index.html_e_.php): failed to open stream: No such file or directory H:\newproject\ctimg\public\index.php:166
[Sat, 20 Apr 19 06:47:47 +0000][CRITICAL] Volt directory can't be written:#0 [internal function]: Phalcon\Mvc\View\Engine\Volt\Compiler->compileFile('H:\\newproject\\c...', 'H:\\newproject\\c...', true)
#1 [internal function]: Phalcon\Mvc\View\Engine\Volt\Compiler->compile('H:\\newproject\\c...', true)
#2 [internal function]: Phalcon\Mvc\View\Engine\Volt\Compiler->_statementList(Array, false)
#3 [internal function]: Phalcon\Mvc\View\Engine\Volt\Compiler->_compileSource('{% extends "ind...', false)
#4 [internal function]: Phalcon\Mvc\View\Engine\Volt\Compiler->compileFile('H:\\newproject\\c...', 'H:\\newproject\\c...', false)
#5 [internal function]: Phalcon\Mvc\View\Engine\Volt\Compiler->compile('H:\\newproject\\c...')
#6 [internal function]: Phalcon\Mvc\View\Engine\Volt->render('H:\\newproject\\c...', Array, true)
#7 [internal function]: Phalcon\Mvc\View->_engineRender(Array, 'index/index', true, true, NULL)
#8 [internal function]: Phalcon\Mvc\View->render('index', 'index')
#9 H:\newproject\ctimg\public\index.php(166): Phalcon\Mvc\Application->handle()
#10 {main}
[Sun, 21 Apr 19 14:54:41 +0000][ERROR] Service 'localdb' wasn't found in the dependency injection container
[Sun, 21 Apr 19 14:56:08 +0000][ERROR] Service 'localdb' wasn't found in the dependency injection container
[Sun, 21 Apr 19 15:08:26 +0000][ERROR] Service 'localdb' wasn't found in the dependency injection container
[Sun, 21 Apr 19 15:08:56 +0000][ERROR] Service 'localdb' wasn't found in the dependency injection container
